[2023-01-25 03:27:03] - INFO: [JobsDB Extractor] - Getting the job details and company names
[2023-01-25 03:27:03] - INFO: [JobsDB Extractor] - Required information got
[2023-01-25 03:27:05] - INFO: [JobsDB Extractor] - Finished extraction
[2023-01-25 03:27:08] - INFO: [JobsDB Extractor] - Getting the job details and company names
[2023-01-25 03:27:08] - INFO: [JobsDB Extractor] - Required information got
[2023-01-25 03:27:10] - INFO: [JobsDB Extractor] - Finished extraction
[2023-01-25 03:27:12] - INFO: [JobsDB Extractor] - Getting the job details and company names
[2023-01-25 03:27:12] - INFO: [JobsDB Extractor] - Required information got
[2023-01-25 03:27:13] - INFO: [JobsDB Extractor] - Finished extraction
[2023-01-25 03:27:23] - INFO: [Glassdoor Extractor] - Getting the job details and company names
[2023-01-25 03:27:23] - INFO: [Glassdoor Extractor] - Required information got
[2023-01-25 03:27:24] - INFO: [Glassdoor Extractor] - Finished extraction
[2023-01-25 03:30:40] - INFO: [JobsDB Extractor] - Getting the job details and company names
[2023-01-25 03:30:40] - INFO: [JobsDB Extractor] - Required information got
[2023-01-25 03:30:42] - INFO: [JobsDB Extractor] - Finished extraction
[2023-01-25 03:30:44] - INFO: [JobsDB Extractor] - Getting the job details and company names
[2023-01-25 03:30:44] - INFO: [JobsDB Extractor] - Required information got
[2023-01-25 03:30:46] - INFO: [JobsDB Extractor] - Finished extraction
[2023-01-25 03:30:47] - INFO: [JobsDB Extractor] - Getting the job details and company names
[2023-01-25 03:30:47] - INFO: [JobsDB Extractor] - Required information got
[2023-01-25 03:30:49] - INFO: [JobsDB Extractor] - Finished extraction
[2023-01-25 03:30:55] - INFO: [Glassdoor Extractor] - Getting the job details and company names
[2023-01-25 03:30:55] - INFO: [Glassdoor Extractor] - Required information got
[2023-01-25 03:30:56] - INFO: [Glassdoor Extractor] - Finished extraction
[2023-01-25 03:31:00] - INFO: [JobsDB Extractor] - Getting the job details and company names
[2023-01-25 03:31:00] - INFO: [JobsDB Extractor] - Required information got
[2023-01-25 03:31:02] - INFO: [JobsDB Extractor] - Finished extraction
[2023-01-25 03:31:04] - INFO: [JobsDB Extractor] - Getting the job details and company names
[2023-01-25 03:31:04] - INFO: [JobsDB Extractor] - Required information got
[2023-01-25 03:31:05] - INFO: [JobsDB Extractor] - Finished extraction
[2023-01-25 03:31:07] - INFO: [JobsDB Extractor] - Getting the job details and company names
[2023-01-25 03:31:07] - INFO: [JobsDB Extractor] - Required information got
[2023-01-25 03:31:09] - INFO: [JobsDB Extractor] - Finished extraction
[2023-01-25 03:31:14] - INFO: [Glassdoor Extractor] - Getting the job details and company names
[2023-01-25 03:31:15] - INFO: [Glassdoor Extractor] - Required information got
[2023-01-25 03:31:16] - INFO: [Glassdoor Extractor] - Finished extraction
[2023-01-25 03:33:33] - INFO: [JobsDB Extractor] - Getting the job details and company names
[2023-01-25 03:33:33] - INFO: [JobsDB Extractor] - Required information got
[2023-01-25 03:33:35] - INFO: [JobsDB Extractor] - Finished extraction
[2023-01-25 03:33:37] - INFO: [JobsDB Extractor] - Getting the job details and company names
[2023-01-25 03:33:37] - INFO: [JobsDB Extractor] - Required information got
[2023-01-25 03:33:39] - INFO: [JobsDB Extractor] - Finished extraction
[2023-01-25 03:33:41] - INFO: [JobsDB Extractor] - Getting the job details and company names
[2023-01-25 03:33:41] - INFO: [JobsDB Extractor] - Required information got
[2023-01-25 03:33:42] - INFO: [JobsDB Extractor] - Finished extraction
[2023-01-25 03:33:49] - INFO: [Glassdoor Extractor] - Getting the job details and company names
[2023-01-25 03:33:49] - INFO: [Glassdoor Extractor] - Required information got
[2023-01-25 03:33:50] - INFO: [Glassdoor Extractor] - Finished extraction
[2023-01-25 03:33:55] - INFO: [JobsDB Extractor] - Getting the job details and company names
[2023-01-25 03:33:55] - INFO: [JobsDB Extractor] - Required information got
[2023-01-25 03:33:56] - INFO: [JobsDB Extractor] - Finished extraction
[2023-01-25 03:33:58] - INFO: [JobsDB Extractor] - Getting the job details and company names
[2023-01-25 03:33:58] - INFO: [JobsDB Extractor] - Required information got
[2023-01-25 03:34:00] - INFO: [JobsDB Extractor] - Finished extraction
[2023-01-25 03:34:02] - INFO: [JobsDB Extractor] - Getting the job details and company names
[2023-01-25 03:34:02] - INFO: [JobsDB Extractor] - Required information got
[2023-01-25 03:34:03] - INFO: [JobsDB Extractor] - Finished extraction
[2023-01-25 03:34:07] - INFO: [Glassdoor Extractor] - Getting the job details and company names
[2023-01-25 03:34:07] - INFO: [Glassdoor Extractor] - Required information got
[2023-01-25 03:34:08] - INFO: [Glassdoor Extractor] - Finished extraction
[2023-01-25 03:38:30] - INFO: [JobsDB Extractor] - Getting the job details and company names
[2023-01-25 03:38:30] - INFO: [JobsDB Extractor] - Required information got
[2023-01-25 03:38:31] - INFO: [JobsDB Extractor] - Finished extraction
[2023-01-25 03:38:34] - INFO: [JobsDB Extractor] - Getting the job details and company names
[2023-01-25 03:38:34] - INFO: [JobsDB Extractor] - Required information got
[2023-01-25 03:38:35] - INFO: [JobsDB Extractor] - Finished extraction
[2023-01-25 03:38:37] - INFO: [JobsDB Extractor] - Getting the job details and company names
[2023-01-25 03:38:37] - INFO: [JobsDB Extractor] - Required information got
[2023-01-25 03:38:39] - INFO: [JobsDB Extractor] - Finished extraction
[2023-01-25 03:38:44] - INFO: [Glassdoor Extractor] - Getting the job details and company names
[2023-01-25 03:38:44] - INFO: [Glassdoor Extractor] - Required information got
[2023-01-25 03:38:45] - INFO: [Glassdoor Extractor] - Finished extraction
[2023-01-25 03:38:50] - INFO: [JobsDB Extractor] - Getting the job details and company names
[2023-01-25 03:38:50] - INFO: [JobsDB Extractor] - Required information got
[2023-01-25 03:38:51] - INFO: [JobsDB Extractor] - Finished extraction
[2023-01-25 03:38:54] - INFO: [JobsDB Extractor] - Getting the job details and company names
[2023-01-25 03:38:54] - INFO: [JobsDB Extractor] - Required information got
[2023-01-25 03:38:55] - INFO: [JobsDB Extractor] - Finished extraction
[2023-01-25 03:38:57] - INFO: [JobsDB Extractor] - Getting the job details and company names
[2023-01-25 03:38:57] - INFO: [JobsDB Extractor] - Required information got
[2023-01-25 03:38:59] - INFO: [JobsDB Extractor] - Finished extraction
[2023-01-25 03:39:06] - INFO: [Glassdoor Extractor] - Getting the job details and company names
[2023-01-25 03:39:06] - INFO: [Glassdoor Extractor] - Required information got
[2023-01-25 03:39:07] - INFO: [Glassdoor Extractor] - Finished extraction
